<?xml version="1.0" encoding="UTF-8"?>
<testng-results ignored="0" total="1" passed="1" failed="0" skipped="0">
  <reporter-output>
  </reporter-output>
  <suite started-at="2021-08-09T13:02:06 IST" name="Default suite" finished-at="2021-08-09T13:02:06 IST" duration-ms="82">
    <groups>
    </groups>
    <test started-at="2021-08-09T13:02:06 IST" name="Default test" finished-at="2021-08-09T13:02:06 IST" duration-ms="82">
      <class name="Addition">
        <test-method signature="add()[pri:0, instance:Addition@865dd6]" started-at="2021-08-09T13:02:06 IST" name="add" finished-at="2021-08-09T13:02:06 IST" duration-ms="14" status="PASS">
          <reporter-output>
          </reporter-output>
        </test-method> <!-- add -->
      </class> <!-- Addition -->
    </test> <!-- Default test -->
  </suite> <!-- Default suite -->
</testng-results>
